<?xml version="1.0" encoding="UTF-8"?>
<!-- Generated by org.testng.reporters.JUnitXMLReporter -->
<testsuite hostname="DESKTOP-DRUE99P" ignored="0" name=" Build 1.0 Results" tests="8" failures="0" timestamp="23 May 2019 01:28:31 GMT" time="34.007" errors="0">
  <testcase name="fblogin" time="33.835" classname="testNG.FaceBookLogin"/>
  <testcase name="f" time="0.005" classname="testNG.Anatation_Sample1"/>
  <testcase name="best" time="0.002" classname="testNG.Priority_TestNG"/>
  <testcase name="zest" time="0.005" classname="testNG.Priority_TestNG"/>
  <testcase name="test" time="0.003" classname="testNG.Priority_TestNG"/>
  <testcase name="rest" time="0.003" classname="testNG.Priority_TestNG"/>
  <testcase name="next" time="0.009" classname="testNG.Priority_TestNG"/>
  <testcase name="f" time="0.005" classname="testNG.Priority_TestNG"/>
</testsuite> <!--  Build 1.0 Results -->
