<?xml version="1.0" encoding="UTF-8"?>
<!-- Generated by org.testng.reporters.JUnitXMLReporter -->
<testsuite hostname="DESKTOP-DRUE99P" ignored="3" name="Test(failed)" tests="1" failures="0" timestamp="23 May 2019 01:42:25 GMT" time="0.094" errors="0">
  <testcase name="next" time="0.03" classname="testNG.AnnatationsSample"/>
  <testcase name="f" time="0.0" classname="testNG.AnnatationsSample">
    <ignored/>
  </testcase> <!-- f -->
  <testcase name="test" time="0.0" classname="testNG.AnnatationsSample">
    <ignored/>
  </testcase> <!-- test -->
  <testcase name="rest" time="0.0" classname="testNG.AnnatationsSample">
    <ignored/>
  </testcase> <!-- rest -->
</testsuite> <!-- Test(failed) -->
