<?xml version="1.0" encoding="UTF-8"?>
<testng-results skipped="0" failed="0" ignored="0" total="2" passed="2">
  <reporter-output>
  </reporter-output>
  <suite name="Default suite" duration-ms="40627" started-at="2019-06-12T01:24:38Z" finished-at="2019-06-12T01:25:19Z">
    <groups>
    </groups>
    <test name="Default test" duration-ms="40627" started-at="2019-06-12T01:24:38Z" finished-at="2019-06-12T01:25:19Z">
      <class name="testNG.LoginwithDataprovideSetofData">
        <test-method status="PASS" signature="f(java.lang.String, java.lang.String)[pri:0, instance:testNG.LoginwithDataprovideSetofData@1593948d]" name="f" duration-ms="22849" started-at="2019-06-12T01:24:38Z" data-provider="dp" finished-at="2019-06-12T01:25:01Z">
          <params>
            <param index="0">
              <value>
                <![CDATA[test123@gmail.com]]>
              </value>
            </param>
            <param index="1">
              <value>
                <![CDATA[aasdfsdf34]]>
              </value>
            </param>
          </params>
          <reporter-output>
          </reporter-output>
        </test-method> <!-- f -->
        <test-method status="PASS" signature="f(java.lang.String, java.lang.String)[pri:0, instance:testNG.LoginwithDataprovideSetofData@1593948d]" name="f" duration-ms="17699" started-at="2019-06-12T01:25:01Z" data-provider="dp" finished-at="2019-06-12T01:25:19Z">
          <params>
            <param index="0">
              <value>
                <![CDATA[test3253@gmail.com]]>
              </value>
            </param>
            <param index="1">
              <value>
                <![CDATA[sgdssdf34]]>
              </value>
            </param>
          </params>
          <reporter-output>
          </reporter-output>
        </test-method> <!-- f -->
      </class> <!-- testNG.LoginwithDataprovideSetofData -->
    </test> <!-- Default test -->
  </suite> <!-- Default suite -->
</testng-results>
